2023-12-13 10:27:04,885 INFO Admin billy accessed /admin_dashboard
2023-12-13 10:27:04,920 INFO Admin billy accessed /admin_dashboard/
2023-12-13 10:27:05,037 INFO Admin billy accessed /media/smc_2023-04-17-04-18-34.png
2023-12-13 10:27:05,071 INFO Admin billy accessed /media/level7_cover.png
2023-12-13 10:27:05,078 INFO Admin billy accessed /media/Screenshot_2023-09-08_230019.png
2023-12-13 10:27:05,111 INFO Admin billy accessed /media/icon_aTJE77U.png
2023-12-13 10:27:05,118 INFO Admin billy accessed /media/settings_1.png
2023-12-13 10:27:05,130 INFO Admin billy accessed /media/newjeans-hanni-in-omg-album-shoot-wallpaper-1366x768_46_Q0UuvsZ.jpg
2023-12-13 10:27:05,230 INFO Admin billy accessed /media/settings.png
2023-12-13 10:27:25,930 INFO Admin billy accessed /companies_list/
2023-12-13 10:27:26,005 INFO Admin billy accessed /media/Coding_Horror_Stickers_and_T-shirts.png
2023-12-13 10:27:26,005 INFO Admin billy accessed /media/pngegg_1.png
2023-12-13 10:27:38,278 INFO Admin billy accessed /admin_joblist/
2023-12-13 10:27:46,106 INFO Admin billy accessed /jobseeker_list/
2023-12-13 10:32:38,564 INFO Admin billy accessed /companies_list/
2023-12-13 10:32:39,917 INFO Admin billy accessed /admin_joblist/
2023-12-13 10:32:40,495 INFO Admin billy accessed /admin_dashboard/
2023-12-13 10:33:48,408 INFO Admin billy accessed /admin_report/
2023-12-13 10:34:11,570 INFO Admin billy accessed /admin_edit_post/
2023-12-13 10:34:23,409 INFO Admin billy accessed /admin_edit_jobpost/
2023-12-13 10:34:57,626 INFO Admin billy accessed /login/
2023-12-13 10:34:57,681 INFO Admin billy accessed /login/login.js
2023-12-13 10:35:01,315 INFO Admin billy accessed /login/
2023-12-13 10:35:01,345 INFO Admin billy accessed /login
2023-12-13 10:35:01,379 INFO Admin billy accessed /login/
2023-12-13 10:35:01,449 INFO Admin billy accessed /login/login.js
2023-12-13 10:35:08,344 INFO Admin billy accessed /login/
2023-12-13 10:35:08,363 INFO Admin billy accessed /login
2023-12-13 10:35:08,392 INFO Admin billy accessed /login/
2023-12-13 10:35:08,449 INFO Admin billy accessed /login/login.js
2023-12-13 10:35:33,679 INFO Admin billy accessed /login/
2023-12-13 10:35:33,689 INFO Admin billy accessed /login
2023-12-13 10:35:33,732 INFO Admin billy accessed /login/
2023-12-13 10:35:33,797 INFO Admin billy accessed /login/login.js
2023-12-13 10:36:13,282 INFO Admin billy accessed /login/
2023-12-13 10:52:27,117 INFO Admin billy accessed /admin_dashboard
2023-12-13 10:52:27,141 INFO Admin billy accessed /admin_dashboard/
2023-12-13 10:52:27,233 INFO Admin billy accessed /media/smc_2023-04-17-04-18-34.png
2023-12-13 10:52:27,268 INFO Admin billy accessed /media/level7_cover.png
2023-12-13 10:52:27,271 INFO Admin billy accessed /media/Screenshot_2023-09-08_230019.png
2023-12-13 10:52:27,287 INFO Admin billy accessed /media/icon_aTJE77U.png
2023-12-13 10:52:27,289 INFO Admin billy accessed /media/settings_1.png
2023-12-13 10:52:27,303 INFO Admin billy accessed /media/settings.png
2023-12-13 10:52:27,308 INFO Admin billy accessed /media/newjeans-hanni-in-omg-album-shoot-wallpaper-1366x768_46_Q0UuvsZ.jpg
2023-12-13 10:52:30,952 INFO Admin billy accessed /companies_list/
2023-12-13 10:52:31,017 INFO Admin billy accessed /media/Coding_Horror_Stickers_and_T-shirts.png
2023-12-13 10:52:31,017 INFO Admin billy accessed /media/pngegg_1.png
2023-12-13 10:52:32,979 INFO Admin billy accessed /admin_joblist/
2023-12-13 10:52:43,900 INFO Admin billy accessed /company_dashboard/
2023-12-13 10:52:51,360 INFO Admin billy accessed /company_dashboard/
2023-12-13 10:53:18,115 INFO Admin billy accessed /company_dashboard/
2023-12-13 10:53:18,575 INFO Admin billy accessed /company_dashboard/
2023-12-13 10:53:37,032 INFO Admin billy accessed /company_dashboard/
2023-12-13 10:53:53,177 INFO Admin billy accessed /company_login/
2023-12-13 10:53:53,234 INFO Admin billy accessed /company_login/login.js
2023-12-13 10:53:57,601 INFO Admin billy accessed /company_login/
2023-12-13 11:23:28,719 INFO Admin billy accessed /admin_dashboard
2023-12-13 11:23:28,753 INFO Admin billy accessed /admin_dashboard/
2023-12-13 11:23:28,921 INFO Admin billy accessed /media/smc_2023-04-17-04-18-34.png
2023-12-13 11:23:28,921 INFO Admin billy accessed /media/icon_aTJE77U.png
2023-12-13 11:23:28,953 INFO Admin billy accessed /media/newjeans-hanni-in-omg-album-shoot-wallpaper-1366x768_46_Q0UuvsZ.jpg
2023-12-13 11:23:28,965 INFO Admin billy accessed /media/settings.png
2023-12-13 11:23:47,013 INFO Admin billy accessed /jobseeker_list/
2023-12-13 11:23:54,151 INFO Admin billy accessed /companies_list/
2023-12-13 11:23:54,314 INFO Admin billy accessed /media/level7_cover.png
2023-12-13 11:23:54,321 INFO Admin billy accessed /media/pngegg_1.png
2023-12-13 11:23:54,326 INFO Admin billy accessed /media/Screenshot_2023-09-08_230019.png
2023-12-13 11:23:54,328 INFO Admin billy accessed /media/Coding_Horror_Stickers_and_T-shirts.png
2023-12-13 11:24:11,308 INFO Admin billy accessed /admin_dashboard/
2023-12-13 11:24:15,370 INFO Admin billy accessed /admin_report/
2023-12-13 11:25:12,744 INFO Admin billy accessed /companies_list/
2023-12-13 11:25:14,077 INFO Admin billy accessed /admin_joblist/
2023-12-13 18:34:57,837 INFO Admin billy accessed /admin_joblist/
2023-12-13 18:34:59,439 INFO Admin billy accessed /favicon.ico
